Flow report for NOTES
Wed Mar 24 16:28:53 2021
Quartus Prime Version 18.1.0 Build 625 09/12/2018 SJ Lite Edition


---------------------
; Table of Contents ;
---------------------
  1. Legal Notice
  2. Flow Summary
  3. Flow Settings
  4. Flow Non-Default Global Settings
  5. Flow Elapsed Time
  6. Flow OS Summary
  7. Flow Log
  8. Flow Messages
  9. Flow Suppressed Messages



----------------
; Legal Notice ;
----------------
Copyright (C) 2018  Intel Corporation. All rights reserved.
Your use of Intel Corporation's design tools, logic functions 
and other software and tools, and its AMPP partner logic 
functions, and any output files from any of the foregoing 
(including device programming or simulation files), and any 
associated documentation or information are expressly subject 
to the terms and conditions of the Intel Program License 
Subscription Agreement, the Intel Quartus Prime License Agreement,
the Intel FPGA IP License Agreement, or other applicable license
agreement, including, without limitation, that your use is for
the sole purpose of programming logic devices manufactured by
Intel and sold by Intel or its authorized distributors.  Please
refer to the applicable agreement for further details.



+---------------------------------------------------------------------+
; Flow Summary                                                        ;
+-----------------------+---------------------------------------------+
; Flow Status           ; Successful - Wed Mar 24 16:28:53 2021       ;
; Quartus Prime Version ; 18.1.0 Build 625 09/12/2018 SJ Lite Edition ;
; Revision Name         ; NOTES                                       ;
; Top-level Entity Name ; toneGenerator2                              ;
; Family                ; MAX V                                       ;
; Device                ; 5M1270ZT144C5                               ;
; Timing Models         ; Final                                       ;
; Total logic elements  ; 364 / 1,270 ( 29 % )                        ;
; Total pins            ; 18 / 114 ( 16 % )                           ;
; Total virtual pins    ; 0                                           ;
; UFM blocks            ; 0 / 1 ( 0 % )                               ;
+-----------------------+---------------------------------------------+


+-----------------------------------------+
; Flow Settings                           ;
+-------------------+---------------------+
; Option            ; Setting             ;
+-------------------+---------------------+
; Start date & time ; 03/24/2021 16:28:29 ;
; Main task         ; Compilation         ;
; Revision Name     ; NOTES               ;
+-------------------+---------------------+


+-----------------------------------------------------------------------------------------------------------------------------+
; Flow Non-Default Global Settings                                                                                            ;
+--------------------------------------+---------------------------------+---------------+-------------+----------------------+
; Assignment Name                      ; Value                           ; Default Value ; Entity Name ; Section Id           ;
+--------------------------------------+---------------------------------+---------------+-------------+----------------------+
; COMPILER_SIGNATURE_ID                ; 114379634430367.161658350909083 ; --            ; --          ; --                   ;
; EDA_DESIGN_INSTANCE_NAME             ; dut_instance                    ; --            ; --          ; toneGenerator_tb.vhd ;
; EDA_NATIVELINK_SIMULATION_TEST_BENCH ; toneGenerator_tb.vhd            ; --            ; --          ; eda_simulation       ;
; EDA_OUTPUT_DATA_FORMAT               ; Vhdl                            ; --            ; --          ; eda_simulation       ;
; EDA_SIMULATION_TOOL                  ; ModelSim-Altera (VHDL)          ; <None>        ; --          ; --                   ;
; EDA_TEST_BENCH_ENABLE_STATUS         ; TEST_BENCH_MODE                 ; --            ; --          ; eda_simulation       ;
; EDA_TEST_BENCH_FILE                  ; toneGenerator_tb.vhd            ; --            ; --          ; toneGenerator_tb.vhd ;
; EDA_TEST_BENCH_MODULE_NAME           ; toneGenerator_tb                ; --            ; --          ; toneGenerator_tb.vhd ;
; EDA_TEST_BENCH_NAME                  ; toneGenerator_tb.vhd            ; --            ; --          ; eda_simulation       ;
; EDA_TIME_SCALE                       ; 1 ps                            ; --            ; --          ; eda_simulation       ;
; MAX_CORE_JUNCTION_TEMP               ; 85                              ; --            ; --          ; --                   ;
; MIN_CORE_JUNCTION_TEMP               ; 0                               ; --            ; --          ; --                   ;
; POWER_PRESET_COOLING_SOLUTION        ; No Heat Sink With Still Air     ; --            ; --          ; --                   ;
; PROJECT_OUTPUT_DIRECTORY             ; output_files                    ; --            ; --          ; --                   ;
; TOP_LEVEL_ENTITY                     ; toneGenerator2                  ; NOTES         ; --          ; --                   ;
+--------------------------------------+---------------------------------+---------------+-------------+----------------------+


+--------------------------------------------------------------------------------------------------------------------------+
; Flow Elapsed Time                                                                                                        ;
+----------------------+--------------+-------------------------+---------------------+------------------------------------+
; Module Name          ; Elapsed Time ; Average Processors Used ; Peak Virtual Memory ; Total CPU Time (on all processors) ;
+----------------------+--------------+-------------------------+---------------------+------------------------------------+
; Analysis & Synthesis ; 00:00:16     ; 1.0                     ; 936 MB              ; 00:00:32                           ;
; Fitter               ; 00:00:03     ; 1.0                     ; 1089 MB             ; 00:00:03                           ;
; Assembler            ; 00:00:01     ; 1.0                     ; 790 MB              ; 00:00:00                           ;
; Timing Analyzer      ; 00:00:01     ; 1.0                     ; 715 MB              ; 00:00:01                           ;
; EDA Netlist Writer   ; 00:00:01     ; 1.0                     ; 1027 MB             ; 00:00:01                           ;
; Total                ; 00:00:22     ; --                      ; --                  ; 00:00:37                           ;
+----------------------+--------------+-------------------------+---------------------+------------------------------------+


+----------------------------------------------------------------------------------------+
; Flow OS Summary                                                                        ;
+----------------------+------------------+----------------+------------+----------------+
; Module Name          ; Machine Hostname ; OS Name        ; OS Version ; Processor type ;
+----------------------+------------------+----------------+------------+----------------+
; Analysis & Synthesis ; student          ; Ubuntu 16.04.7 ; 16         ; x86_64         ;
; Fitter               ; student          ; Ubuntu 16.04.7 ; 16         ; x86_64         ;
; Assembler            ; student          ; Ubuntu 16.04.7 ; 16         ; x86_64         ;
; Timing Analyzer      ; student          ; Ubuntu 16.04.7 ; 16         ; x86_64         ;
; EDA Netlist Writer   ; student          ; Ubuntu 16.04.7 ; 16         ; x86_64         ;
+----------------------+------------------+----------------+------------+----------------+


------------
; Flow Log ;
------------
quartus_map --read_settings_files=on --write_settings_files=off NOTES -c NOTES
quartus_fit --read_settings_files=off --write_settings_files=off NOTES -c NOTES
quartus_asm --read_settings_files=off --write_settings_files=off NOTES -c NOTES
quartus_sta NOTES -c NOTES
quartus_eda --read_settings_files=off --write_settings_files=off NOTES -c NOTES



