Flow report for DUT
Wed Feb 10 13:17:06 2021
Quartus Prime Version 18.1.0 Build 625 09/12/2018 SJ Lite Edition


---------------------
; Table of Contents ;
---------------------
  1. Legal Notice
  2. Flow Summary
  3. Flow Settings
  4. Flow Non-Default Global Settings
  5. Flow Elapsed Time
  6. Flow OS Summary
  7. Flow Log
  8. Flow Messages
  9. Flow Suppressed Messages



----------------
; Legal Notice ;
----------------
Copyright (C) 2018  Intel Corporation. All rights reserved.
Your use of Intel Corporation's design tools, logic functions 
and other software and tools, and its AMPP partner logic 
functions, and any output files from any of the foregoing 
(including device programming or simulation files), and any 
associated documentation or information are expressly subject 
to the terms and conditions of the Intel Program License 
Subscription Agreement, the Intel Quartus Prime License Agreement,
the Intel FPGA IP License Agreement, or other applicable license
agreement, including, without limitation, that your use is for
the sole purpose of programming logic devices manufactured by
Intel and sold by Intel or its authorized distributors.  Please
refer to the applicable agreement for further details.



+---------------------------------------------------------------------+
; Flow Summary                                                        ;
+-----------------------+---------------------------------------------+
; Flow Status           ; Successful - Wed Feb 10 13:17:06 2021       ;
; Quartus Prime Version ; 18.1.0 Build 625 09/12/2018 SJ Lite Edition ;
; Revision Name         ; DUT                                         ;
; Top-level Entity Name ; DUT                                         ;
; Family                ; MAX V                                       ;
; Device                ; 5M1270ZT144C5                               ;
; Timing Models         ; Final                                       ;
; Total logic elements  ; 3 / 1,270 ( < 1 % )                         ;
; Total pins            ; 8 / 114 ( 7 % )                             ;
; Total virtual pins    ; 0                                           ;
; UFM blocks            ; 0 / 1 ( 0 % )                               ;
+-----------------------+---------------------------------------------+


+-----------------------------------------+
; Flow Settings                           ;
+-------------------+---------------------+
; Option            ; Setting             ;
+-------------------+---------------------+
; Start date & time ; 02/10/2021 13:16:51 ;
; Main task         ; Compilation         ;
; Revision Name     ; DUT                 ;
+-------------------+---------------------+


+-----------------------------------------------------------------------------------------------------------------------+
; Flow Non-Default Global Settings                                                                                      ;
+--------------------------------------+---------------------------------+---------------+-------------+----------------+
; Assignment Name                      ; Value                           ; Default Value ; Entity Name ; Section Id     ;
+--------------------------------------+---------------------------------+---------------+-------------+----------------+
; COMPILER_SIGNATURE_ID                ; 114379634430367.161294321105333 ; --            ; --          ; --             ;
; EDA_DESIGN_INSTANCE_NAME             ; dut_instance                    ; --            ; --          ; Testbench.vhd  ;
; EDA_NATIVELINK_SIMULATION_TEST_BENCH ; Testbench.vhd                   ; --            ; --          ; eda_simulation ;
; EDA_OUTPUT_DATA_FORMAT               ; Vhdl                            ; --            ; --          ; eda_simulation ;
; EDA_SIMULATION_TOOL                  ; ModelSim-Altera (VHDL)          ; <None>        ; --          ; --             ;
; EDA_TEST_BENCH_ENABLE_STATUS         ; TEST_BENCH_MODE                 ; --            ; --          ; eda_simulation ;
; EDA_TEST_BENCH_FILE                  ; codes/Testbench.vhdl            ; --            ; --          ; Testbench.vhd  ;
; EDA_TEST_BENCH_FILE                  ; codes/TRACEFILE.txt             ; --            ; --          ; Testbench.vhd  ;
; EDA_TEST_BENCH_MODULE_NAME           ; Testbench                       ; --            ; --          ; Testbench.vhd  ;
; EDA_TEST_BENCH_NAME                  ; Testbench.vhd                   ; --            ; --          ; eda_simulation ;
; EDA_TIME_SCALE                       ; 1 ps                            ; --            ; --          ; eda_simulation ;
; MAX_CORE_JUNCTION_TEMP               ; 85                              ; --            ; --          ; --             ;
; MIN_CORE_JUNCTION_TEMP               ; 0                               ; --            ; --          ; --             ;
; POWER_PRESET_COOLING_SOLUTION        ; No Heat Sink With Still Air     ; --            ; --          ; --             ;
; PROJECT_OUTPUT_DIRECTORY             ; output_files                    ; --            ; --          ; --             ;
+--------------------------------------+---------------------------------+---------------+-------------+----------------+


+--------------------------------------------------------------------------------------------------------------------------+
; Flow Elapsed Time                                                                                                        ;
+----------------------+--------------+-------------------------+---------------------+------------------------------------+
; Module Name          ; Elapsed Time ; Average Processors Used ; Peak Virtual Memory ; Total CPU Time (on all processors) ;
+----------------------+--------------+-------------------------+---------------------+------------------------------------+
; Analysis & Synthesis ; 00:00:11     ; 1.0                     ; 944 MB              ; 00:00:24                           ;
; Fitter               ; 00:00:01     ; 1.0                     ; 1076 MB             ; 00:00:01                           ;
; Assembler            ; 00:00:01     ; 1.0                     ; 789 MB              ; 00:00:00                           ;
; Timing Analyzer      ; 00:00:01     ; 1.0                     ; 714 MB              ; 00:00:00                           ;
; EDA Netlist Writer   ; 00:00:01     ; 1.0                     ; 1025 MB             ; 00:00:00                           ;
; Total                ; 00:00:15     ; --                      ; --                  ; 00:00:25                           ;
+----------------------+--------------+-------------------------+---------------------+------------------------------------+


+----------------------------------------------------------------------------------------+
; Flow OS Summary                                                                        ;
+----------------------+------------------+----------------+------------+----------------+
; Module Name          ; Machine Hostname ; OS Name        ; OS Version ; Processor type ;
+----------------------+------------------+----------------+------------+----------------+
; Analysis & Synthesis ; student          ; Ubuntu 16.04.7 ; 16         ; x86_64         ;
; Fitter               ; student          ; Ubuntu 16.04.7 ; 16         ; x86_64         ;
; Assembler            ; student          ; Ubuntu 16.04.7 ; 16         ; x86_64         ;
; Timing Analyzer      ; student          ; Ubuntu 16.04.7 ; 16         ; x86_64         ;
; EDA Netlist Writer   ; student          ; Ubuntu 16.04.7 ; 16         ; x86_64         ;
+----------------------+------------------+----------------+------------+----------------+


------------
; Flow Log ;
------------
quartus_map --read_settings_files=on --write_settings_files=off 4bit_mux -c DUT
quartus_fit --read_settings_files=off --write_settings_files=off 4bit_mux -c DUT
quartus_asm --read_settings_files=off --write_settings_files=off 4bit_mux -c DUT
quartus_sta 4bit_mux -c DUT
quartus_eda --read_settings_files=off --write_settings_files=off 4bit_mux -c DUT



