Analysis & Synthesis report for FSM_design
Fri Apr  2 01:50:40 2021
Quartus Prime Version 18.1.0 Build 625 09/12/2018 SJ Lite Edition


---------------------
; Table of Contents ;
---------------------
  1. Legal Notice
  2. Analysis & Synthesis Summary
  3. Analysis & Synthesis Settings
  4. Parallel Compilation
  5. Analysis & Synthesis Source Files Read
  6. Analysis & Synthesis Resource Usage Summary
  7. Analysis & Synthesis Resource Utilization by Entity
  8. General Register Statistics
  9. Inverted Register Statistics
 10. Multiplexer Restructuring Statistics (Restructuring Performed)
 11. Parameter Settings for User Entity Instance: Top-level Entity: |sequence_generator
 12. Analysis & Synthesis Messages



----------------
; Legal Notice ;
----------------
Copyright (C) 2018  Intel Corporation. All rights reserved.
Your use of Intel Corporation's design tools, logic functions 
and other software and tools, and its AMPP partner logic 
functions, and any output files from any of the foregoing 
(including device programming or simulation files), and any 
associated documentation or information are expressly subject 
to the terms and conditions of the Intel Program License 
Subscription Agreement, the Intel Quartus Prime License Agreement,
the Intel FPGA IP License Agreement, or other applicable license
agreement, including, without limitation, that your use is for
the sole purpose of programming logic devices manufactured by
Intel and sold by Intel or its authorized distributors.  Please
refer to the applicable agreement for further details.



+---------------------------------------------------------------------------+
; Analysis & Synthesis Summary                                              ;
+-----------------------------+---------------------------------------------+
; Analysis & Synthesis Status ; Successful - Fri Apr  2 01:50:40 2021       ;
; Quartus Prime Version       ; 18.1.0 Build 625 09/12/2018 SJ Lite Edition ;
; Revision Name               ; FSM_design                                  ;
; Top-level Entity Name       ; sequence_generator                          ;
; Family                      ; MAX V                                       ;
; Total logic elements        ; 9                                           ;
; Total pins                  ; 34                                          ;
; Total virtual pins          ; 0                                           ;
; UFM blocks                  ; 0 / 1 ( 0 % )                               ;
+-----------------------------+---------------------------------------------+


+------------------------------------------------------------------------------------------------------------+
; Analysis & Synthesis Settings                                                                              ;
+------------------------------------------------------------------+--------------------+--------------------+
; Option                                                           ; Setting            ; Default Value      ;
+------------------------------------------------------------------+--------------------+--------------------+
; Device                                                           ; 5M1270ZT144C5      ;                    ;
; Top-level entity name                                            ; sequence_generator ; FSM_design         ;
; Family name                                                      ; MAX V              ; Cyclone V          ;
; Use smart compilation                                            ; Off                ; Off                ;
; Enable parallel Assembler and Timing Analyzer during compilation ; On                 ; On                 ;
; Enable compact report table                                      ; Off                ; Off                ;
; Restructure Multiplexers                                         ; Auto               ; Auto               ;
; Create Debugging Nodes for IP Cores                              ; Off                ; Off                ;
; Preserve fewer node names                                        ; On                 ; On                 ;
; Intel FPGA IP Evaluation Mode                                    ; Enable             ; Enable             ;
; Verilog Version                                                  ; Verilog_2001       ; Verilog_2001       ;
; VHDL Version                                                     ; VHDL_1993          ; VHDL_1993          ;
; State Machine Processing                                         ; Auto               ; Auto               ;
; Safe State Machine                                               ; Off                ; Off                ;
; Extract Verilog State Machines                                   ; On                 ; On                 ;
; Extract VHDL State Machines                                      ; On                 ; On                 ;
; Ignore Verilog initial constructs                                ; Off                ; Off                ;
; Iteration limit for constant Verilog loops                       ; 5000               ; 5000               ;
; Iteration limit for non-constant Verilog loops                   ; 250                ; 250                ;
; Add Pass-Through Logic to Inferred RAMs                          ; On                 ; On                 ;
; Infer RAMs from Raw Logic                                        ; On                 ; On                 ;
; Parallel Synthesis                                               ; On                 ; On                 ;
; NOT Gate Push-Back                                               ; On                 ; On                 ;
; Power-Up Don't Care                                              ; On                 ; On                 ;
; Remove Redundant Logic Cells                                     ; Off                ; Off                ;
; Remove Duplicate Registers                                       ; On                 ; On                 ;
; Ignore CARRY Buffers                                             ; Off                ; Off                ;
; Ignore CASCADE Buffers                                           ; Off                ; Off                ;
; Ignore GLOBAL Buffers                                            ; Off                ; Off                ;
; Ignore ROW GLOBAL Buffers                                        ; Off                ; Off                ;
; Ignore LCELL Buffers                                             ; Off                ; Off                ;
; Ignore SOFT Buffers                                              ; On                 ; On                 ;
; Limit AHDL Integers to 32 Bits                                   ; Off                ; Off                ;
; Optimization Technique                                           ; Balanced           ; Balanced           ;
; Carry Chain Length                                               ; 70                 ; 70                 ;
; Auto Carry Chains                                                ; On                 ; On                 ;
; Auto Open-Drain Pins                                             ; On                 ; On                 ;
; Perform WYSIWYG Primitive Resynthesis                            ; Off                ; Off                ;
; Auto Shift Register Replacement                                  ; Auto               ; Auto               ;
; Allow Shift Register Merging across Hierarchies                  ; Auto               ; Auto               ;
; Auto Clock Enable Replacement                                    ; On                 ; On                 ;
; Allow Synchronous Control Signals                                ; On                 ; On                 ;
; Force Use of Synchronous Clear Signals                           ; Off                ; Off                ;
; Auto Resource Sharing                                            ; Off                ; Off                ;
; Use LogicLock Constraints during Resource Balancing              ; On                 ; On                 ;
; Ignore translate_off and synthesis_off directives                ; Off                ; Off                ;
; Report Parameter Settings                                        ; On                 ; On                 ;
; Report Source Assignments                                        ; On                 ; On                 ;
; Report Connectivity Checks                                       ; On                 ; On                 ;
; Ignore Maximum Fan-Out Assignments                               ; Off                ; Off                ;
; Synchronization Register Chain Length                            ; 2                  ; 2                  ;
; Power Optimization During Synthesis                              ; Normal compilation ; Normal compilation ;
; HDL message level                                                ; Level2             ; Level2             ;
; Suppress Register Optimization Related Messages                  ; Off                ; Off                ;
; Number of Removed Registers Reported in Synthesis Report         ; 5000               ; 5000               ;
; Number of Swept Nodes Reported in Synthesis Report               ; 5000               ; 5000               ;
; Number of Inverted Registers Reported in Synthesis Report        ; 100                ; 100                ;
; Clock MUX Protection                                             ; On                 ; On                 ;
; Block Design Naming                                              ; Auto               ; Auto               ;
; Synthesis Effort                                                 ; Auto               ; Auto               ;
; Shift Register Replacement - Allow Asynchronous Clear Signal     ; On                 ; On                 ;
; Analysis & Synthesis Message Level                               ; Medium             ; Medium             ;
; Disable Register Merging Across Hierarchies                      ; Auto               ; Auto               ;
+------------------------------------------------------------------+--------------------+--------------------+


+------------------------------------------+
; Parallel Compilation                     ;
+----------------------------+-------------+
; Processors                 ; Number      ;
+----------------------------+-------------+
; Number detected on machine ; 4           ;
; Maximum allowed            ; 2           ;
;                            ;             ;
; Average used               ; 1.00        ;
; Maximum used               ; 1           ;
;                            ;             ;
; Usage by Processor         ; % Time Used ;
;     Processor 1            ; 100.0%      ;
+----------------------------+-------------+


+---------------------------------------------------------------------------------------------------------------------------------------------------------------------------+
; Analysis & Synthesis Source Files Read                                                                                                                                    ;
+----------------------------------+-----------------+-----------------+------------------------------------------------------------------------------------------+---------+
; File Name with User-Entered Path ; Used in Netlist ; File Type       ; File Name with Absolute Path                                                             ; Library ;
+----------------------------------+-----------------+-----------------+------------------------------------------------------------------------------------------+---------+
; code/sequence_generator.vhd      ; yes             ; User VHDL File  ; /home/student/Documents/EE_214/EE_214_Digital_Lab/FSM_design/code/sequence_generator.vhd ;         ;
+----------------------------------+-----------------+-----------------+------------------------------------------------------------------------------------------+---------+


+--------------------------------------------------------------------+
; Analysis & Synthesis Resource Usage Summary                        ;
+---------------------------------------------+----------------------+
; Resource                                    ; Usage                ;
+---------------------------------------------+----------------------+
; Total logic elements                        ; 9                    ;
;     -- Combinational with no register       ; 4                    ;
;     -- Register only                        ; 0                    ;
;     -- Combinational with a register        ; 5                    ;
;                                             ;                      ;
; Logic element usage by number of LUT inputs ;                      ;
;     -- 4 input functions                    ; 3                    ;
;     -- 3 input functions                    ; 2                    ;
;     -- 2 input functions                    ; 3                    ;
;     -- 1 input functions                    ; 1                    ;
;     -- 0 input functions                    ; 0                    ;
;                                             ;                      ;
; Logic elements by mode                      ;                      ;
;     -- normal mode                          ; 9                    ;
;     -- arithmetic mode                      ; 0                    ;
;     -- qfbk mode                            ; 0                    ;
;     -- register cascade mode                ; 0                    ;
;     -- synchronous clear/load mode          ; 0                    ;
;     -- asynchronous clear/load mode         ; 0                    ;
;                                             ;                      ;
; Total registers                             ; 5                    ;
; I/O pins                                    ; 34                   ;
; Maximum fan-out node                        ; sequence_register[0] ;
; Maximum fan-out                             ; 6                    ;
; Total fan-out                               ; 37                   ;
; Average fan-out                             ; 0.86                 ;
+---------------------------------------------+----------------------+


+-------------------------------------------------------------------------------------------------------------------------------------------------------------------------------------------------------------------------------------------+
; Analysis & Synthesis Resource Utilization by Entity                                                                                                                                                                                       ;
+----------------------------+-------------+--------------+------------+------+--------------+--------------+-------------------+------------------+-----------------+------------+---------------------+--------------------+--------------+
; Compilation Hierarchy Node ; Logic Cells ; LC Registers ; UFM Blocks ; Pins ; Virtual Pins ; LUT-Only LCs ; Register-Only LCs ; LUT/Register LCs ; Carry Chain LCs ; Packed LCs ; Full Hierarchy Name ; Entity Name        ; Library Name ;
+----------------------------+-------------+--------------+------------+------+--------------+--------------+-------------------+------------------+-----------------+------------+---------------------+--------------------+--------------+
; |sequence_generator        ; 9 (9)       ; 5            ; 0          ; 34   ; 0            ; 4 (4)        ; 0 (0)             ; 5 (5)            ; 0 (0)           ; 0 (0)      ; |sequence_generator ; sequence_generator ; work         ;
+----------------------------+-------------+--------------+------------+------+--------------+--------------+-------------------+------------------+-----------------+------------+---------------------+--------------------+--------------+
Note: For table entries with two numbers listed, the numbers in parentheses indicate the number of resources of the given type used by the specific entity alone. The numbers listed outside of parentheses indicate the total resources of the given type used by the specific entity and all of its sub-entities in the hierarchy.


+------------------------------------------------------+
; General Register Statistics                          ;
+----------------------------------------------+-------+
; Statistic                                    ; Value ;
+----------------------------------------------+-------+
; Total registers                              ; 5     ;
; Number of registers using Synchronous Clear  ; 0     ;
; Number of registers using Synchronous Load   ; 0     ;
; Number of registers using Asynchronous Clear ; 0     ;
; Number of registers using Asynchronous Load  ; 0     ;
; Number of registers using Clock Enable       ; 3     ;
; Number of registers using Preset             ; 0     ;
+----------------------------------------------+-------+


+--------------------------------------------------+
; Inverted Register Statistics                     ;
+----------------------------------------+---------+
; Inverted Register                      ; Fan out ;
+----------------------------------------+---------+
; sequence_register[0]                   ; 6       ;
; Total number of inverted registers = 1 ;         ;
+----------------------------------------+---------+


+--------------------------------------------------------------------------------------------------------------------------------------------------------+
; Multiplexer Restructuring Statistics (Restructuring Performed)                                                                                         ;
+--------------------+-----------+---------------+----------------------+------------------------+------------+------------------------------------------+
; Multiplexer Inputs ; Bus Width ; Baseline Area ; Area if Restructured ; Saving if Restructured ; Registered ; Example Multiplexer Output               ;
+--------------------+-----------+---------------+----------------------+------------------------+------------+------------------------------------------+
; 4:1                ; 3 bits    ; 6 LEs         ; 3 LEs                ; 3 LEs                  ; Yes        ; |sequence_generator|sequence_register[1] ;
+--------------------+-----------+---------------+----------------------+------------------------+------------+------------------------------------------+


+------------------------------------------------------------------------------------+
; Parameter Settings for User Entity Instance: Top-level Entity: |sequence_generator ;
+----------------+-------+-----------------------------------------------------------+
; Parameter Name ; Value ; Type                                                      ;
+----------------+-------+-----------------------------------------------------------+
; n              ; 8     ; Signed Integer                                            ;
+----------------+-------+-----------------------------------------------------------+
Note: In order to hide this table in the UI and the text report file, please set the "Show Parameter Settings in Synthesis Report" option in "Analysis and Synthesis Settings -> More Settings" to "Off".


+-------------------------------+
; Analysis & Synthesis Messages ;
+-------------------------------+
Info: *******************************************************************
Info: Running Quartus Prime Analysis & Synthesis
    Info: Version 18.1.0 Build 625 09/12/2018 SJ Lite Edition
    Info: Processing started: Fri Apr  2 01:50:26 2021
Info: Command: quartus_map --read_settings_files=on --write_settings_files=off FSM_design -c FSM_design
Warning (18236): Number of processors has not been specified which may cause overloading on shared machines.  Set the global assignment NUM_PARALLEL_PROCESSORS in your QSF to an appropriate value for best performance.
Info (20030): Parallel compilation is enabled and will use 2 of the 2 processors detected
Info (12021): Found 2 design units, including 1 entities, in source file code/Counter.vhdl
    Info (12022): Found design unit 1: Counter-RtlBehavioural File: /home/student/Documents/EE_214/EE_214_Digital_Lab/FSM_design/code/Counter.vhdl Line: 19
    Info (12023): Found entity 1: Counter File: /home/student/Documents/EE_214/EE_214_Digital_Lab/FSM_design/code/Counter.vhdl Line: 11
Info (12021): Found 2 design units, including 1 entities, in source file code/sequence_generator.vhd
    Info (12022): Found design unit 1: sequence_generator-RtlBehavioural File: /home/student/Documents/EE_214/EE_214_Digital_Lab/FSM_design/code/sequence_generator.vhd Line: 13
    Info (12023): Found entity 1: sequence_generator File: /home/student/Documents/EE_214/EE_214_Digital_Lab/FSM_design/code/sequence_generator.vhd Line: 6
Info (12127): Elaborating entity "sequence_generator" for the top level hierarchy
Warning (10036): Verilog HDL or VHDL warning at sequence_generator.vhd(26): object "value_var" assigned a value but never read File: /home/student/Documents/EE_214/EE_214_Digital_Lab/FSM_design/code/sequence_generator.vhd Line: 26
Warning (13024): Output pins are stuck at VCC or GND
    Warning (13410): Pin "value[4]" is stuck at GND File: /home/student/Documents/EE_214/EE_214_Digital_Lab/FSM_design/code/sequence_generator.vhd Line: 9
    Warning (13410): Pin "value[5]" is stuck at GND File: /home/student/Documents/EE_214/EE_214_Digital_Lab/FSM_design/code/sequence_generator.vhd Line: 9
    Warning (13410): Pin "value[6]" is stuck at GND File: /home/student/Documents/EE_214/EE_214_Digital_Lab/FSM_design/code/sequence_generator.vhd Line: 9
    Warning (13410): Pin "value[7]" is stuck at GND File: /home/student/Documents/EE_214/EE_214_Digital_Lab/FSM_design/code/sequence_generator.vhd Line: 9
    Warning (13410): Pin "value[8]" is stuck at GND File: /home/student/Documents/EE_214/EE_214_Digital_Lab/FSM_design/code/sequence_generator.vhd Line: 9
    Warning (13410): Pin "value[9]" is stuck at GND File: /home/student/Documents/EE_214/EE_214_Digital_Lab/FSM_design/code/sequence_generator.vhd Line: 9
    Warning (13410): Pin "value[10]" is stuck at GND File: /home/student/Documents/EE_214/EE_214_Digital_Lab/FSM_design/code/sequence_generator.vhd Line: 9
    Warning (13410): Pin "value[11]" is stuck at GND File: /home/student/Documents/EE_214/EE_214_Digital_Lab/FSM_design/code/sequence_generator.vhd Line: 9
    Warning (13410): Pin "value[12]" is stuck at GND File: /home/student/Documents/EE_214/EE_214_Digital_Lab/FSM_design/code/sequence_generator.vhd Line: 9
    Warning (13410): Pin "value[13]" is stuck at GND File: /home/student/Documents/EE_214/EE_214_Digital_Lab/FSM_design/code/sequence_generator.vhd Line: 9
    Warning (13410): Pin "value[14]" is stuck at GND File: /home/student/Documents/EE_214/EE_214_Digital_Lab/FSM_design/code/sequence_generator.vhd Line: 9
    Warning (13410): Pin "value[15]" is stuck at GND File: /home/student/Documents/EE_214/EE_214_Digital_Lab/FSM_design/code/sequence_generator.vhd Line: 9
    Warning (13410): Pin "value[16]" is stuck at GND File: /home/student/Documents/EE_214/EE_214_Digital_Lab/FSM_design/code/sequence_generator.vhd Line: 9
    Warning (13410): Pin "value[17]" is stuck at GND File: /home/student/Documents/EE_214/EE_214_Digital_Lab/FSM_design/code/sequence_generator.vhd Line: 9
    Warning (13410): Pin "value[18]" is stuck at GND File: /home/student/Documents/EE_214/EE_214_Digital_Lab/FSM_design/code/sequence_generator.vhd Line: 9
    Warning (13410): Pin "value[19]" is stuck at GND File: /home/student/Documents/EE_214/EE_214_Digital_Lab/FSM_design/code/sequence_generator.vhd Line: 9
    Warning (13410): Pin "value[20]" is stuck at GND File: /home/student/Documents/EE_214/EE_214_Digital_Lab/FSM_design/code/sequence_generator.vhd Line: 9
    Warning (13410): Pin "value[21]" is stuck at GND File: /home/student/Documents/EE_214/EE_214_Digital_Lab/FSM_design/code/sequence_generator.vhd Line: 9
    Warning (13410): Pin "value[22]" is stuck at GND File: /home/student/Documents/EE_214/EE_214_Digital_Lab/FSM_design/code/sequence_generator.vhd Line: 9
    Warning (13410): Pin "value[23]" is stuck at GND File: /home/student/Documents/EE_214/EE_214_Digital_Lab/FSM_design/code/sequence_generator.vhd Line: 9
    Warning (13410): Pin "value[24]" is stuck at GND File: /home/student/Documents/EE_214/EE_214_Digital_Lab/FSM_design/code/sequence_generator.vhd Line: 9
    Warning (13410): Pin "value[25]" is stuck at GND File: /home/student/Documents/EE_214/EE_214_Digital_Lab/FSM_design/code/sequence_generator.vhd Line: 9
    Warning (13410): Pin "value[26]" is stuck at GND File: /home/student/Documents/EE_214/EE_214_Digital_Lab/FSM_design/code/sequence_generator.vhd Line: 9
    Warning (13410): Pin "value[27]" is stuck at GND File: /home/student/Documents/EE_214/EE_214_Digital_Lab/FSM_design/code/sequence_generator.vhd Line: 9
    Warning (13410): Pin "value[28]" is stuck at GND File: /home/student/Documents/EE_214/EE_214_Digital_Lab/FSM_design/code/sequence_generator.vhd Line: 9
    Warning (13410): Pin "value[29]" is stuck at GND File: /home/student/Documents/EE_214/EE_214_Digital_Lab/FSM_design/code/sequence_generator.vhd Line: 9
    Warning (13410): Pin "value[30]" is stuck at GND File: /home/student/Documents/EE_214/EE_214_Digital_Lab/FSM_design/code/sequence_generator.vhd Line: 9
    Warning (13410): Pin "value[31]" is stuck at GND File: /home/student/Documents/EE_214/EE_214_Digital_Lab/FSM_design/code/sequence_generator.vhd Line: 9
Info (21057): Implemented 43 device resources after synthesis - the final resource count might be different
    Info (21058): Implemented 2 input pins
    Info (21059): Implemented 32 output pins
    Info (21061): Implemented 9 logic cells
Info: Quartus Prime Analysis & Synthesis was successful. 0 errors, 31 warnings
    Info: Peak virtual memory: 938 megabytes
    Info: Processing ended: Fri Apr  2 01:50:40 2021
    Info: Elapsed time: 00:00:14
    Info: Total CPU time (on all processors): 00:00:34


